### Report Message ###
Type        : INFO
Context     : The OpenSplice domain service
File        : ../../code/u_kernel.c
Line        : 266
Code        : 0
Description : The service has successfully started.
Domain      : "OpenSpliceV2.1" with 10239 Kbytes storage space.
Node        : blade40.isislab.vanderbilt.edu
Process     : 14135
Thread      : main thread b7d5f6c0
Timestamp   : 1160507479.713762000 (Tue Oct 10 14:11:19 200)
### Report Message ###
Type        : WARNING
Context     : os_svr4_get_kfmumask
File        : ../../svr4/code/os_sharedmem_seg.c
Line        : 88
Code        : 1
Description : Read and Write access for other must be paired, ignoring other access
Node        : blade40.isislab.vanderbilt.edu
Process     : 14135
Thread      : main thread b7d5f6c0
Timestamp   : 1160507479.713970000 (Tue Oct 10 14:11:19 200)
### Report Message ###
Type        : WARNING
Context     : os_svr4_get_shmumask
File        : ../../svr4/code/os_sharedmem_seg.c
Line        : 59
Code        : 1
Description : Read and Write access for other must be paired, ignoring other access
Node        : blade40.isislab.vanderbilt.edu
Process     : 14135
Thread      : main thread b7d5f6c0
Timestamp   : 1160507479.714093000 (Tue Oct 10 14:11:19 200)
### Report Message ###
Type        : INFO
Context     : OpenSplice domain service
File        : ../../code/sr_serviceInfo.c
Line        : 80
Code        : 0
Description : Taking default for <Configuration> parameter service durability
Node        : blade40.isislab.vanderbilt.edu
Process     : 14135
Thread      : main thread b7d5f6c0
Timestamp   : 1160507479.756638000 (Tue Oct 10 14:11:19 200)
### Report Message ###
Type        : INFO
Context     : OpenSplice domain service
File        : ../../code/sr_serviceInfo.c
Line        : 139
Code        : 0
Description : Taking default for <Scheduling/Class> parameter service durability
Node        : blade40.isislab.vanderbilt.edu
Process     : 14135
Thread      : main thread b7d5f6c0
Timestamp   : 1160507479.756711000 (Tue Oct 10 14:11:19 200)
### Report Message ###
Type        : INFO
Context     : OpenSplice domain service
File        : ../../code/sr_serviceInfo.c
Line        : 189
Code        : 0
Description : Taking default for <MemoryLocking> parameter service durability
Node        : blade40.isislab.vanderbilt.edu
Process     : 14135
Thread      : main thread b7d5f6c0
Timestamp   : 1160507479.756747000 (Tue Oct 10 14:11:19 200)
### Report Message ###
Type        : INFO
Context     : OpenSplice domain service
File        : ../../code/sr_serviceInfo.c
Line        : 234
Code        : 0
Description : Taking default for <Scheduling/Priority> parameter service durability
Node        : blade40.isislab.vanderbilt.edu
Process     : 14135
Thread      : main thread b7d5f6c0
Timestamp   : 1160507479.756783000 (Tue Oct 10 14:11:19 200)
### Report Message ###
Type        : INFO
Context     : OpenSplice domain service
File        : ../../code/sr_serviceInfo.c
Line        : 289
Code        : 0
Description : Taking default for <Scheduling/Priority[@priority_kind]> parameter for  service durability
Node        : blade40.isislab.vanderbilt.edu
Process     : 14135
Thread      : main thread b7d5f6c0
Timestamp   : 1160507479.756818000 (Tue Oct 10 14:11:19 200)
### Report Message ###
Type        : INFO
Context     : OpenSplice domain service
File        : ../../code/sr_serviceInfo.c
Line        : 350
Code        : 0
Description : Taking default for <FailureAction> parameter service durability
Node        : blade40.isislab.vanderbilt.edu
Process     : 14135
Thread      : main thread b7d5f6c0
Timestamp   : 1160507479.756854000 (Tue Oct 10 14:11:19 200)
### Report Message ###
Type        : INFO
Context     : OpenSplice domain service
File        : ../../code/sr_serviceInfo.c
Line        : 80
Code        : 0
Description : Taking default for <Configuration> parameter service networking
Node        : blade40.isislab.vanderbilt.edu
Process     : 14135
Thread      : main thread b7d5f6c0
Timestamp   : 1160507479.756944000 (Tue Oct 10 14:11:19 200)
### Report Message ###
Type        : INFO
Context     : OpenSplice domain service
File        : ../../code/sr_serviceInfo.c
Line        : 139
Code        : 0
Description : Taking default for <Scheduling/Class> parameter service networking
Node        : blade40.isislab.vanderbilt.edu
Process     : 14135
Thread      : main thread b7d5f6c0
Timestamp   : 1160507479.756978000 (Tue Oct 10 14:11:19 200)
### Report Message ###
Type        : INFO
Context     : OpenSplice domain service
File        : ../../code/sr_serviceInfo.c
Line        : 189
Code        : 0
Description : Taking default for <MemoryLocking> parameter service networking
Node        : blade40.isislab.vanderbilt.edu
Process     : 14135
Thread      : main thread b7d5f6c0
Timestamp   : 1160507479.757020000 (Tue Oct 10 14:11:19 200)
### Report Message ###
Type        : INFO
Context     : OpenSplice domain service
File        : ../../code/sr_serviceInfo.c
Line        : 234
Code        : 0
Description : Taking default for <Scheduling/Priority> parameter service networking
Node        : blade40.isislab.vanderbilt.edu
Process     : 14135
Thread      : main thread b7d5f6c0
Timestamp   : 1160507479.757053000 (Tue Oct 10 14:11:19 200)
### Report Message ###
Type        : INFO
Context     : OpenSplice domain service
File        : ../../code/sr_serviceInfo.c
Line        : 289
Code        : 0
Description : Taking default for <Scheduling/Priority[@priority_kind]> parameter for  service networking
Node        : blade40.isislab.vanderbilt.edu
Process     : 14135
Thread      : main thread b7d5f6c0
Timestamp   : 1160507479.757086000 (Tue Oct 10 14:11:19 200)
### Report Message ###
Type        : INFO
Context     : OpenSplice domain service
File        : ../../code/sr_serviceInfo.c
Line        : 350
Code        : 0
Description : Taking default for <FailureAction> parameter service networking
Node        : blade40.isislab.vanderbilt.edu
Process     : 14135
Thread      : main thread b7d5f6c0
Timestamp   : 1160507479.757119000 (Tue Oct 10 14:11:19 200)
### Report Message ###
Type        : INFO
Context     : OpenSplice domain service
File        : ../../code/spliced.c
Line        : 347
Code        : 0
Description : Started service durability
Node        : blade40.isislab.vanderbilt.edu
Process     : 14135
Thread      : main thread b7d5f6c0
Timestamp   : 1160507479.761065000 (Tue Oct 10 14:11:19 200)
### Report Message ###
Type        : INFO
Context     : OpenSplice domain service
File        : ../../code/spliced.c
Line        : 347
Code        : 0
Description : Started service networking
Node        : blade40.isislab.vanderbilt.edu
Process     : 14135
Thread      : main thread b7d5f6c0
Timestamp   : 1160507479.762411000 (Tue Oct 10 14:11:19 200)
### Report Message ###
Type        : WARNING
Context     : DurabilityService
File        : ../../code/d_configuration.c
Line        : 240
Code        : 0
Description : No Domain configuration found. Applying default Lease...
Node        : blade40.isislab.vanderbilt.edu
Process     : durability (14142)
Thread      : main thread b7d226c0
Timestamp   : 1160507479.822754000 (Tue Oct 10 14:11:19 200)
### Report Message ###
Type        : WARNING
Context     : DurabilityService
File        : ../../code/d_groupLocalListener.c
Line        : 727
Code        : 0
Description : Persistency not enabled!
Node        : blade40.isislab.vanderbilt.edu
Process     : durability (14142)
Thread      : main thread b7d226c0
Timestamp   : 1160507485.049600000 (Tue Oct 10 14:11:25 200)
### Report Message ###
Type        : API_INFO
Context     : DCPS API
File        : ../../code/gapi_error.c
Line        : 329
Code        : 20
Description : Subscriber::delete_datareader contains_loans
Node        : blade40.isislab.vanderbilt.edu
Process     : 14174
Thread      : main thread 5bcc20
Timestamp   : 1160507610.531682000 (Tue Oct 10 14:13:30 200)
### Report Message ###
Type        : API_INFO
Context     : DCPS API
File        : ../../code/gapi_error.c
Line        : 329
Code        : 8
Description : DomainParticipantFactory::delete_participant entities contained
Node        : blade40.isislab.vanderbilt.edu
Process     : 14174
Thread      : main thread 5bcc20
Timestamp   : 1160507610.532070000 (Tue Oct 10 14:13:30 200)
### Report Message ###
Type        : API_INFO
Context     : DCPS API
File        : ../../code/gapi_error.c
Line        : 329
Code        : 20
Description : Subscriber::delete_contained_entities contains_loans
Node        : blade40.isislab.vanderbilt.edu
Process     : 14174
Thread      : main thread 5bcc20
Timestamp   : 1160507610.532293000 (Tue Oct 10 14:13:30 200)
### Report Message ###
Type        : INFO
Context     : OpenSplice domain service
File        : ../../code/spliced.c
Line        : 834
Code        : 0
Description : The service has successfully terminated.
Node        : blade40.isislab.vanderbilt.edu
Process     : 14135
Thread      : main thread b7d5f6c0
Timestamp   : 1160507624.024730000 (Tue Oct 10 14:13:44 200)
### Report Message ###
Type        : INFO
Context     : The OpenSplice domain service
File        : ../../code/u_kernel.c
Line        : 266
Code        : 0
Description : The service has successfully started.
Domain      : "OpenSpliceV2.1" with 10239 Kbytes storage space.
Node        : blade40.isislab.vanderbilt.edu
Process     : 14261
Thread      : main thread b7dd76c0
Timestamp   : 1160507899.765166000 (Tue Oct 10 14:18:19 200)
### Report Message ###
Type        : WARNING
Context     : os_svr4_get_kfmumask
File        : ../../svr4/code/os_sharedmem_seg.c
Line        : 88
Code        : 1
Description : Read and Write access for other must be paired, ignoring other access
Node        : blade40.isislab.vanderbilt.edu
Process     : 14261
Thread      : main thread b7dd76c0
Timestamp   : 1160507899.765356000 (Tue Oct 10 14:18:19 200)
### Report Message ###
Type        : WARNING
Context     : os_svr4_get_shmumask
File        : ../../svr4/code/os_sharedmem_seg.c
Line        : 59
Code        : 1
Description : Read and Write access for other must be paired, ignoring other access
Node        : blade40.isislab.vanderbilt.edu
Process     : 14261
Thread      : main thread b7dd76c0
Timestamp   : 1160507899.765475000 (Tue Oct 10 14:18:19 200)
### Report Message ###
Type        : INFO
Context     : OpenSplice domain service
File        : ../../code/sr_serviceInfo.c
Line        : 80
Code        : 0
Description : Taking default for <Configuration> parameter service durability
Node        : blade40.isislab.vanderbilt.edu
Process     : 14261
Thread      : main thread b7dd76c0
Timestamp   : 1160507899.807986000 (Tue Oct 10 14:18:19 200)
### Report Message ###
Type        : INFO
Context     : OpenSplice domain service
File        : ../../code/sr_serviceInfo.c
Line        : 139
Code        : 0
Description : Taking default for <Scheduling/Class> parameter service durability
Node        : blade40.isislab.vanderbilt.edu
Process     : 14261
Thread      : main thread b7dd76c0
Timestamp   : 1160507899.808065000 (Tue Oct 10 14:18:19 200)
### Report Message ###
Type        : INFO
Context     : OpenSplice domain service
File        : ../../code/sr_serviceInfo.c
Line        : 189
Code        : 0
Description : Taking default for <MemoryLocking> parameter service durability
Node        : blade40.isislab.vanderbilt.edu
Process     : 14261
Thread      : main thread b7dd76c0
Timestamp   : 1160507899.808102000 (Tue Oct 10 14:18:19 200)
### Report Message ###
Type        : INFO
Context     : OpenSplice domain service
File        : ../../code/sr_serviceInfo.c
Line        : 234
Code        : 0
Description : Taking default for <Scheduling/Priority> parameter service durability
Node        : blade40.isislab.vanderbilt.edu
Process     : 14261
Thread      : main thread b7dd76c0
Timestamp   : 1160507899.808139000 (Tue Oct 10 14:18:19 200)
### Report Message ###
Type        : INFO
Context     : OpenSplice domain service
File        : ../../code/sr_serviceInfo.c
Line        : 289
Code        : 0
Description : Taking default for <Scheduling/Priority[@priority_kind]> parameter for  service durability
Node        : blade40.isislab.vanderbilt.edu
Process     : 14261
Thread      : main thread b7dd76c0
Timestamp   : 1160507899.808174000 (Tue Oct 10 14:18:19 200)
### Report Message ###
Type        : INFO
Context     : OpenSplice domain service
File        : ../../code/sr_serviceInfo.c
Line        : 350
Code        : 0
Description : Taking default for <FailureAction> parameter service durability
Node        : blade40.isislab.vanderbilt.edu
Process     : 14261
Thread      : main thread b7dd76c0
Timestamp   : 1160507899.808222000 (Tue Oct 10 14:18:19 200)
### Report Message ###
Type        : INFO
Context     : OpenSplice domain service
File        : ../../code/sr_serviceInfo.c
Line        : 80
Code        : 0
Description : Taking default for <Configuration> parameter service networking
Node        : blade40.isislab.vanderbilt.edu
Process     : 14261
Thread      : main thread b7dd76c0
Timestamp   : 1160507899.808313000 (Tue Oct 10 14:18:19 200)
### Report Message ###
Type        : INFO
Context     : OpenSplice domain service
File        : ../../code/sr_serviceInfo.c
Line        : 139
Code        : 0
Description : Taking default for <Scheduling/Class> parameter service networking
Node        : blade40.isislab.vanderbilt.edu
Process     : 14261
Thread      : main thread b7dd76c0
Timestamp   : 1160507899.808348000 (Tue Oct 10 14:18:19 200)
### Report Message ###
Type        : INFO
Context     : OpenSplice domain service
File        : ../../code/sr_serviceInfo.c
Line        : 189
Code        : 0
Description : Taking default for <MemoryLocking> parameter service networking
Node        : blade40.isislab.vanderbilt.edu
Process     : 14261
Thread      : main thread b7dd76c0
Timestamp   : 1160507899.808381000 (Tue Oct 10 14:18:19 200)
### Report Message ###
Type        : INFO
Context     : OpenSplice domain service
File        : ../../code/sr_serviceInfo.c
Line        : 234
Code        : 0
Description : Taking default for <Scheduling/Priority> parameter service networking
Node        : blade40.isislab.vanderbilt.edu
Process     : 14261
Thread      : main thread b7dd76c0
Timestamp   : 1160507899.808414000 (Tue Oct 10 14:18:19 200)
### Report Message ###
Type        : INFO
Context     : OpenSplice domain service
File        : ../../code/sr_serviceInfo.c
Line        : 289
Code        : 0
Description : Taking default for <Scheduling/Priority[@priority_kind]> parameter for  service networking
Node        : blade40.isislab.vanderbilt.edu
Process     : 14261
Thread      : main thread b7dd76c0
Timestamp   : 1160507899.808447000 (Tue Oct 10 14:18:19 200)
### Report Message ###
Type        : INFO
Context     : OpenSplice domain service
File        : ../../code/sr_serviceInfo.c
Line        : 350
Code        : 0
Description : Taking default for <FailureAction> parameter service networking
Node        : blade40.isislab.vanderbilt.edu
Process     : 14261
Thread      : main thread b7dd76c0
Timestamp   : 1160507899.808480000 (Tue Oct 10 14:18:19 200)
### Report Message ###
Type        : INFO
Context     : OpenSplice domain service
File        : ../../code/spliced.c
Line        : 347
Code        : 0
Description : Started service durability
Node        : blade40.isislab.vanderbilt.edu
Process     : 14261
Thread      : main thread b7dd76c0
Timestamp   : 1160507899.810729000 (Tue Oct 10 14:18:19 200)
### Report Message ###
Type        : INFO
Context     : OpenSplice domain service
File        : ../../code/spliced.c
Line        : 347
Code        : 0
Description : Started service networking
Node        : blade40.isislab.vanderbilt.edu
Process     : 14261
Thread      : main thread b7dd76c0
Timestamp   : 1160507899.812943000 (Tue Oct 10 14:18:19 200)
### Report Message ###
Type        : WARNING
Context     : DurabilityService
File        : ../../code/d_configuration.c
Line        : 240
Code        : 0
Description : No Domain configuration found. Applying default Lease...
Node        : blade40.isislab.vanderbilt.edu
Process     : durability (14268)
Thread      : main thread b7dc46c0
Timestamp   : 1160507899.866512000 (Tue Oct 10 14:18:19 200)
### Report Message ###
Type        : WARNING
Context     : DurabilityService
File        : ../../code/d_groupLocalListener.c
Line        : 727
Code        : 0
Description : Persistency not enabled!
Node        : blade40.isislab.vanderbilt.edu
Process     : durability (14268)
Thread      : main thread b7dc46c0
Timestamp   : 1160507905.100019000 (Tue Oct 10 14:18:25 200)
### Report Message ###
Type        : API_INFO
Context     : DCPS API
File        : ../../code/gapi_error.c
Line        : 329
Code        : 20
Description : Subscriber::delete_datareader contains_loans
Node        : blade40.isislab.vanderbilt.edu
Process     : 14297
Thread      : main thread 6206c0
Timestamp   : 1160507929.111457000 (Tue Oct 10 14:18:49 200)
### Report Message ###
Type        : API_INFO
Context     : DCPS API
File        : ../../code/gapi_error.c
Line        : 329
Code        : 8
Description : DomainParticipantFactory::delete_participant entities contained
Node        : blade40.isislab.vanderbilt.edu
Process     : 14297
Thread      : main thread 6206c0
Timestamp   : 1160507929.111850000 (Tue Oct 10 14:18:49 200)
### Report Message ###
Type        : API_INFO
Context     : DCPS API
File        : ../../code/gapi_error.c
Line        : 329
Code        : 20
Description : Subscriber::delete_contained_entities contains_loans
Node        : blade40.isislab.vanderbilt.edu
Process     : 14297
Thread      : main thread 6206c0
Timestamp   : 1160507929.112123000 (Tue Oct 10 14:18:49 200)
### Report Message ###
Type        : API_INFO
Context     : topicConsistent
File        : ../../code/v_topic.c
Line        : 268
Code        : 21
Description : Topics typenames TP_Test::Bytes16 and TP_Test::Bytes32 are different
Node        : blade40.isislab.vanderbilt.edu
Process     : 14306
Thread      : main thread 50cc20
Timestamp   : 1160507939.000147000 (Tue Oct 10 14:18:59 200)
### Report Message ###
Type        : API_INFO
Context     : DCPS API
File        : ../../code/gapi_error.c
Line        : 301
Code        : 21
Description : DomainParticipant::create_topic inconsistent topic,Topics typenames TP_Test::Bytes16 and TP_Test::Bytes32 are different
Node        : blade40.isislab.vanderbilt.edu
Process     : 14306
Thread      : main thread 50cc20
Timestamp   : 1160507939.000553000 (Tue Oct 10 14:18:59 200)
### Report Message ###
Type        : API_INFO
Context     : topicConsistent
File        : ../../code/v_topic.c
Line        : 268
Code        : 21
Description : Topics typenames TP_Test::Bytes16 and TP_Test::Bytes32 are different
Node        : blade40.isislab.vanderbilt.edu
Process     : 14309
Thread      : main thread 73d8e0
Timestamp   : 1160507942.996517000 (Tue Oct 10 14:19:02 200)
### Report Message ###
Type        : API_INFO
Context     : DCPS API
File        : ../../code/gapi_error.c
Line        : 301
Code        : 21
Description : DomainParticipant::create_topic inconsistent topic,Topics typenames TP_Test::Bytes16 and TP_Test::Bytes32 are different
Node        : blade40.isislab.vanderbilt.edu
Process     : 14309
Thread      : main thread 73d8e0
Timestamp   : 1160507942.996899000 (Tue Oct 10 14:19:02 200)
### Report Message ###
Type        : API_INFO
Context     : topicConsistent
File        : ../../code/v_topic.c
Line        : 268
Code        : 21
Description : Topics typenames TP_Test::Bytes16 and TP_Test::Bytes32 are different
Node        : blade40.isislab.vanderbilt.edu
Process     : 14313
Thread      : main thread 4fdc20
Timestamp   : 1160507954.959323000 (Tue Oct 10 14:19:14 200)
### Report Message ###
Type        : API_INFO
Context     : DCPS API
File        : ../../code/gapi_error.c
Line        : 301
Code        : 21
Description : DomainParticipant::create_topic inconsistent topic,Topics typenames TP_Test::Bytes16 and TP_Test::Bytes32 are different
Node        : blade40.isislab.vanderbilt.edu
Process     : 14313
Thread      : main thread 4fdc20
Timestamp   : 1160507954.959691000 (Tue Oct 10 14:19:14 200)
### Report Message ###
Type        : INFO
Context     : The OpenSplice domain service
File        : ../../code/u_kernel.c
Line        : 266
Code        : 0
Description : The service has successfully started.
Domain      : "OpenSpliceV2.1" with 10239 Kbytes storage space.
Node        : blade40.isislab.vanderbilt.edu
Process     : 14330
Thread      : main thread b7dce6c0
Timestamp   : 1160508016.771403000 (Tue Oct 10 14:20:16 200)
### Report Message ###
Type        : WARNING
Context     : os_svr4_get_kfmumask
File        : ../../svr4/code/os_sharedmem_seg.c
Line        : 88
Code        : 1
Description : Read and Write access for other must be paired, ignoring other access
Node        : blade40.isislab.vanderbilt.edu
Process     : 14330
Thread      : main thread b7dce6c0
Timestamp   : 1160508016.771607000 (Tue Oct 10 14:20:16 200)
### Report Message ###
Type        : WARNING
Context     : os_svr4_get_shmumask
File        : ../../svr4/code/os_sharedmem_seg.c
Line        : 59
Code        : 1
Description : Read and Write access for other must be paired, ignoring other access
Node        : blade40.isislab.vanderbilt.edu
Process     : 14330
Thread      : main thread b7dce6c0
Timestamp   : 1160508016.771728000 (Tue Oct 10 14:20:16 200)
### Report Message ###
Type        : INFO
Context     : OpenSplice domain service
File        : ../../code/sr_serviceInfo.c
Line        : 80
Code        : 0
Description : Taking default for <Configuration> parameter service durability
Node        : blade40.isislab.vanderbilt.edu
Process     : 14330
Thread      : main thread b7dce6c0
Timestamp   : 1160508016.814748000 (Tue Oct 10 14:20:16 200)
### Report Message ###
Type        : INFO
Context     : OpenSplice domain service
File        : ../../code/sr_serviceInfo.c
Line        : 139
Code        : 0
Description : Taking default for <Scheduling/Class> parameter service durability
Node        : blade40.isislab.vanderbilt.edu
Process     : 14330
Thread      : main thread b7dce6c0
Timestamp   : 1160508016.814820000 (Tue Oct 10 14:20:16 200)
### Report Message ###
Type        : INFO
Context     : OpenSplice domain service
File        : ../../code/sr_serviceInfo.c
Line        : 189
Code        : 0
Description : Taking default for <MemoryLocking> parameter service durability
Node        : blade40.isislab.vanderbilt.edu
Process     : 14330
Thread      : main thread b7dce6c0
Timestamp   : 1160508016.814856000 (Tue Oct 10 14:20:16 200)
### Report Message ###
Type        : INFO
Context     : OpenSplice domain service
File        : ../../code/sr_serviceInfo.c
Line        : 234
Code        : 0
Description : Taking default for <Scheduling/Priority> parameter service durability
Node        : blade40.isislab.vanderbilt.edu
Process     : 14330
Thread      : main thread b7dce6c0
Timestamp   : 1160508016.814891000 (Tue Oct 10 14:20:16 200)
### Report Message ###
Type        : INFO
Context     : OpenSplice domain service
File        : ../../code/sr_serviceInfo.c
Line        : 289
Code        : 0
Description : Taking default for <Scheduling/Priority[@priority_kind]> parameter for  service durability
Node        : blade40.isislab.vanderbilt.edu
Process     : 14330
Thread      : main thread b7dce6c0
Timestamp   : 1160508016.814927000 (Tue Oct 10 14:20:16 200)
### Report Message ###
Type        : INFO
Context     : OpenSplice domain service
File        : ../../code/sr_serviceInfo.c
Line        : 350
Code        : 0
Description : Taking default for <FailureAction> parameter service durability
Node        : blade40.isislab.vanderbilt.edu
Process     : 14330
Thread      : main thread b7dce6c0
Timestamp   : 1160508016.814962000 (Tue Oct 10 14:20:16 200)
### Report Message ###
Type        : INFO
Context     : OpenSplice domain service
File        : ../../code/sr_serviceInfo.c
Line        : 80
Code        : 0
Description : Taking default for <Configuration> parameter service networking
Node        : blade40.isislab.vanderbilt.edu
Process     : 14330
Thread      : main thread b7dce6c0
Timestamp   : 1160508016.815051000 (Tue Oct 10 14:20:16 200)
### Report Message ###
Type        : INFO
Context     : OpenSplice domain service
File        : ../../code/sr_serviceInfo.c
Line        : 139
Code        : 0
Description : Taking default for <Scheduling/Class> parameter service networking
Node        : blade40.isislab.vanderbilt.edu
Process     : 14330
Thread      : main thread b7dce6c0
Timestamp   : 1160508016.815084000 (Tue Oct 10 14:20:16 200)
### Report Message ###
Type        : INFO
Context     : OpenSplice domain service
File        : ../../code/sr_serviceInfo.c
Line        : 189
Code        : 0
Description : Taking default for <MemoryLocking> parameter service networking
Node        : blade40.isislab.vanderbilt.edu
Process     : 14330
Thread      : main thread b7dce6c0
Timestamp   : 1160508016.815127000 (Tue Oct 10 14:20:16 200)
### Report Message ###
Type        : INFO
Context     : OpenSplice domain service
File        : ../../code/sr_serviceInfo.c
Line        : 234
Code        : 0
Description : Taking default for <Scheduling/Priority> parameter service networking
Node        : blade40.isislab.vanderbilt.edu
Process     : 14330
Thread      : main thread b7dce6c0
Timestamp   : 1160508016.815160000 (Tue Oct 10 14:20:16 200)
### Report Message ###
Type        : INFO
Context     : OpenSplice domain service
File        : ../../code/sr_serviceInfo.c
Line        : 289
Code        : 0
Description : Taking default for <Scheduling/Priority[@priority_kind]> parameter for  service networking
Node        : blade40.isislab.vanderbilt.edu
Process     : 14330
Thread      : main thread b7dce6c0
Timestamp   : 1160508016.815192000 (Tue Oct 10 14:20:16 200)
### Report Message ###
Type        : INFO
Context     : OpenSplice domain service
File        : ../../code/sr_serviceInfo.c
Line        : 350
Code        : 0
Description : Taking default for <FailureAction> parameter service networking
Node        : blade40.isislab.vanderbilt.edu
Process     : 14330
Thread      : main thread b7dce6c0
Timestamp   : 1160508016.815225000 (Tue Oct 10 14:20:16 200)
### Report Message ###
Type        : INFO
Context     : OpenSplice domain service
File        : ../../code/spliced.c
Line        : 347
Code        : 0
Description : Started service durability
Node        : blade40.isislab.vanderbilt.edu
Process     : 14330
Thread      : main thread b7dce6c0
Timestamp   : 1160508016.817638000 (Tue Oct 10 14:20:16 200)
### Report Message ###
Type        : INFO
Context     : OpenSplice domain service
File        : ../../code/spliced.c
Line        : 347
Code        : 0
Description : Started service networking
Node        : blade40.isislab.vanderbilt.edu
Process     : 14330
Thread      : main thread b7dce6c0
Timestamp   : 1160508016.819157000 (Tue Oct 10 14:20:16 200)
### Report Message ###
Type        : WARNING
Context     : DurabilityService
File        : ../../code/d_configuration.c
Line        : 240
Code        : 0
Description : No Domain configuration found. Applying default Lease...
Node        : blade40.isislab.vanderbilt.edu
Process     : durability (14337)
Thread      : main thread b7de96c0
Timestamp   : 1160508016.875259000 (Tue Oct 10 14:20:16 200)
### Report Message ###
Type        : WARNING
Context     : DurabilityService
File        : ../../code/d_groupLocalListener.c
Line        : 727
Code        : 0
Description : Persistency not enabled!
Node        : blade40.isislab.vanderbilt.edu
Process     : durability (14337)
Thread      : main thread b7de96c0
Timestamp   : 1160508022.001802000 (Tue Oct 10 14:20:22 200)
### Report Message ###
Type        : API_INFO
Context     : DCPS API
File        : ../../code/gapi_error.c
Line        : 329
Code        : 20
Description : Subscriber::delete_datareader contains_loans
Node        : blade40.isislab.vanderbilt.edu
Process     : 14366
Thread      : main thread 4dbc20
Timestamp   : 1160508038.872009000 (Tue Oct 10 14:20:38 200)
### Report Message ###
Type        : API_INFO
Context     : DCPS API
File        : ../../code/gapi_error.c
Line        : 329
Code        : 8
Description : DomainParticipantFactory::delete_participant entities contained
Node        : blade40.isislab.vanderbilt.edu
Process     : 14366
Thread      : main thread 4dbc20
Timestamp   : 1160508038.872392000 (Tue Oct 10 14:20:38 200)
### Report Message ###
Type        : API_INFO
Context     : DCPS API
File        : ../../code/gapi_error.c
Line        : 329
Code        : 20
Description : Subscriber::delete_contained_entities contains_loans
Node        : blade40.isislab.vanderbilt.edu
Process     : 14366
Thread      : main thread 4dbc20
Timestamp   : 1160508038.872756000 (Tue Oct 10 14:20:38 200)
### Report Message ###
Type        : INFO
Context     : OpenSplice domain service
File        : ../../code/spliced.c
Line        : 834
Code        : 0
Description : The service has successfully terminated.
Node        : blade40.isislab.vanderbilt.edu
Process     : 14330
Thread      : main thread b7dce6c0
Timestamp   : 1160508050.891186000 (Tue Oct 10 14:20:50 200)
### Report Message ###
Type        : INFO
Context     : The OpenSplice domain service
File        : ../../code/u_kernel.c
Line        : 266
Code        : 0
Description : The service has successfully started.
Domain      : "OpenSpliceV2.1" with 10239 Kbytes storage space.
Node        : blade40.isislab.vanderbilt.edu
Process     : 14660
Thread      : main thread b7de86c0
Timestamp   : 1160509779.344503000 (Tue Oct 10 14:49:39 200)
### Report Message ###
Type        : WARNING
Context     : os_svr4_get_kfmumask
File        : ../../svr4/code/os_sharedmem_seg.c
Line        : 88
Code        : 1
Description : Read and Write access for other must be paired, ignoring other access
Node        : blade40.isislab.vanderbilt.edu
Process     : 14660
Thread      : main thread b7de86c0
Timestamp   : 1160509779.344741000 (Tue Oct 10 14:49:39 200)
### Report Message ###
Type        : WARNING
Context     : os_svr4_get_shmumask
File        : ../../svr4/code/os_sharedmem_seg.c
Line        : 59
Code        : 1
Description : Read and Write access for other must be paired, ignoring other access
Node        : blade40.isislab.vanderbilt.edu
Process     : 14660
Thread      : main thread b7de86c0
Timestamp   : 1160509779.344865000 (Tue Oct 10 14:49:39 200)
### Report Message ###
Type        : INFO
Context     : OpenSplice domain service
File        : ../../code/sr_serviceInfo.c
Line        : 80
Code        : 0
Description : Taking default for <Configuration> parameter service durability
Node        : blade40.isislab.vanderbilt.edu
Process     : 14660
Thread      : main thread b7de86c0
Timestamp   : 1160509779.388733000 (Tue Oct 10 14:49:39 200)
### Report Message ###
Type        : INFO
Context     : OpenSplice domain service
File        : ../../code/sr_serviceInfo.c
Line        : 139
Code        : 0
Description : Taking default for <Scheduling/Class> parameter service durability
Node        : blade40.isislab.vanderbilt.edu
Process     : 14660
Thread      : main thread b7de86c0
Timestamp   : 1160509779.388814000 (Tue Oct 10 14:49:39 200)
### Report Message ###
Type        : INFO
Context     : OpenSplice domain service
File        : ../../code/sr_serviceInfo.c
Line        : 189
Code        : 0
Description : Taking default for <MemoryLocking> parameter service durability
Node        : blade40.isislab.vanderbilt.edu
Process     : 14660
Thread      : main thread b7de86c0
Timestamp   : 1160509779.388851000 (Tue Oct 10 14:49:39 200)
### Report Message ###
Type        : INFO
Context     : OpenSplice domain service
File        : ../../code/sr_serviceInfo.c
Line        : 234
Code        : 0
Description : Taking default for <Scheduling/Priority> parameter service durability
Node        : blade40.isislab.vanderbilt.edu
Process     : 14660
Thread      : main thread b7de86c0
Timestamp   : 1160509779.388887000 (Tue Oct 10 14:49:39 200)
### Report Message ###
Type        : INFO
Context     : OpenSplice domain service
File        : ../../code/sr_serviceInfo.c
Line        : 289
Code        : 0
Description : Taking default for <Scheduling/Priority[@priority_kind]> parameter for  service durability
Node        : blade40.isislab.vanderbilt.edu
Process     : 14660
Thread      : main thread b7de86c0
Timestamp   : 1160509779.388923000 (Tue Oct 10 14:49:39 200)
### Report Message ###
Type        : INFO
Context     : OpenSplice domain service
File        : ../../code/sr_serviceInfo.c
Line        : 350
Code        : 0
Description : Taking default for <FailureAction> parameter service durability
Node        : blade40.isislab.vanderbilt.edu
Process     : 14660
Thread      : main thread b7de86c0
Timestamp   : 1160509779.388959000 (Tue Oct 10 14:49:39 200)
### Report Message ###
Type        : INFO
Context     : OpenSplice domain service
File        : ../../code/sr_serviceInfo.c
Line        : 80
Code        : 0
Description : Taking default for <Configuration> parameter service networking
Node        : blade40.isislab.vanderbilt.edu
Process     : 14660
Thread      : main thread b7de86c0
Timestamp   : 1160509779.389062000 (Tue Oct 10 14:49:39 200)
### Report Message ###
Type        : INFO
Context     : OpenSplice domain service
File        : ../../code/sr_serviceInfo.c
Line        : 139
Code        : 0
Description : Taking default for <Scheduling/Class> parameter service networking
Node        : blade40.isislab.vanderbilt.edu
Process     : 14660
Thread      : main thread b7de86c0
Timestamp   : 1160509779.389098000 (Tue Oct 10 14:49:39 200)
### Report Message ###
Type        : INFO
Context     : OpenSplice domain service
File        : ../../code/sr_serviceInfo.c
Line        : 189
Code        : 0
Description : Taking default for <MemoryLocking> parameter service networking
Node        : blade40.isislab.vanderbilt.edu
Process     : 14660
Thread      : main thread b7de86c0
Timestamp   : 1160509779.389130000 (Tue Oct 10 14:49:39 200)
### Report Message ###
Type        : INFO
Context     : OpenSplice domain service
File        : ../../code/sr_serviceInfo.c
Line        : 234
Code        : 0
Description : Taking default for <Scheduling/Priority> parameter service networking
Node        : blade40.isislab.vanderbilt.edu
Process     : 14660
Thread      : main thread b7de86c0
Timestamp   : 1160509779.389163000 (Tue Oct 10 14:49:39 200)
### Report Message ###
Type        : INFO
Context     : OpenSplice domain service
File        : ../../code/sr_serviceInfo.c
Line        : 289
Code        : 0
Description : Taking default for <Scheduling/Priority[@priority_kind]> parameter for  service networking
Node        : blade40.isislab.vanderbilt.edu
Process     : 14660
Thread      : main thread b7de86c0
Timestamp   : 1160509779.389196000 (Tue Oct 10 14:49:39 200)
### Report Message ###
Type        : INFO
Context     : OpenSplice domain service
File        : ../../code/sr_serviceInfo.c
Line        : 350
Code        : 0
Description : Taking default for <FailureAction> parameter service networking
Node        : blade40.isislab.vanderbilt.edu
Process     : 14660
Thread      : main thread b7de86c0
Timestamp   : 1160509779.389229000 (Tue Oct 10 14:49:39 200)
### Report Message ###
Type        : INFO
Context     : OpenSplice domain service
File        : ../../code/spliced.c
Line        : 347
Code        : 0
Description : Started service durability
Node        : blade40.isislab.vanderbilt.edu
Process     : 14660
Thread      : main thread b7de86c0
Timestamp   : 1160509779.393138000 (Tue Oct 10 14:49:39 200)
### Report Message ###
Type        : INFO
Context     : OpenSplice domain service
File        : ../../code/spliced.c
Line        : 347
Code        : 0
Description : Started service networking
Node        : blade40.isislab.vanderbilt.edu
Process     : 14660
Thread      : main thread b7de86c0
Timestamp   : 1160509779.394455000 (Tue Oct 10 14:49:39 200)
### Report Message ###
Type        : WARNING
Context     : DurabilityService
File        : ../../code/d_configuration.c
Line        : 240
Code        : 0
Description : No Domain configuration found. Applying default Lease...
Node        : blade40.isislab.vanderbilt.edu
Process     : durability (14667)
Thread      : main thread b7dc86c0
Timestamp   : 1160509779.454268000 (Tue Oct 10 14:49:39 200)
### Report Message ###
Type        : WARNING
Context     : DurabilityService
File        : ../../code/d_groupLocalListener.c
Line        : 727
Code        : 0
Description : Persistency not enabled!
Node        : blade40.isislab.vanderbilt.edu
Process     : durability (14667)
Thread      : main thread b7dc86c0
Timestamp   : 1160509784.680838000 (Tue Oct 10 14:49:44 200)
### Report Message ###
Type        : API_INFO
Context     : DCPS API
File        : ../../code/gapi_error.c
Line        : 329
Code        : 20
Description : Subscriber::delete_datareader contains_loans
Node        : blade40.isislab.vanderbilt.edu
Process     : 14695
Thread      : main thread 1a0bc0
Timestamp   : 1160509796.799328000 (Tue Oct 10 14:49:56 200)
### Report Message ###
Type        : API_INFO
Context     : DCPS API
File        : ../../code/gapi_error.c
Line        : 329
Code        : 8
Description : DomainParticipantFactory::delete_participant entities contained
Node        : blade40.isislab.vanderbilt.edu
Process     : 14695
Thread      : main thread 1a0bc0
Timestamp   : 1160509796.799742000 (Tue Oct 10 14:49:56 200)
### Report Message ###
Type        : API_INFO
Context     : DCPS API
File        : ../../code/gapi_error.c
Line        : 329
Code        : 20
Description : Subscriber::delete_contained_entities contains_loans
Node        : blade40.isislab.vanderbilt.edu
Process     : 14695
Thread      : main thread 1a0bc0
Timestamp   : 1160509796.800112000 (Tue Oct 10 14:49:56 200)
### Report Message ###
Type        : INFO
Context     : OpenSplice domain service
File        : ../../code/spliced.c
Line        : 834
Code        : 0
Description : The service has successfully terminated.
Node        : blade40.isislab.vanderbilt.edu
Process     : 14660
Thread      : main thread b7de86c0
Timestamp   : 1160509808.470095000 (Tue Oct 10 14:50:08 200)
### Report Message ###
Type        : INFO
Context     : The OpenSplice domain service
File        : ../../code/u_kernel.c
Line        : 266
Code        : 0
Description : The service has successfully started.
Domain      : "OpenSpliceV2.1" with 10239 Kbytes storage space.
Node        : blade40.isislab.vanderbilt.edu
Process     : 16262
Thread      : main thread b7d4d6c0
Timestamp   : 1160515385.187363000 (Tue Oct 10 16:23:05 200)
### Report Message ###
Type        : WARNING
Context     : os_svr4_get_kfmumask
File        : ../../svr4/code/os_sharedmem_seg.c
Line        : 88
Code        : 1
Description : Read and Write access for other must be paired, ignoring other access
Node        : blade40.isislab.vanderbilt.edu
Process     : 16262
Thread      : main thread b7d4d6c0
Timestamp   : 1160515385.187551000 (Tue Oct 10 16:23:05 200)
### Report Message ###
Type        : WARNING
Context     : os_svr4_get_shmumask
File        : ../../svr4/code/os_sharedmem_seg.c
Line        : 59
Code        : 1
Description : Read and Write access for other must be paired, ignoring other access
Node        : blade40.isislab.vanderbilt.edu
Process     : 16262
Thread      : main thread b7d4d6c0
Timestamp   : 1160515385.187670000 (Tue Oct 10 16:23:05 200)
### Report Message ###
Type        : INFO
Context     : OpenSplice domain service
File        : ../../code/sr_serviceInfo.c
Line        : 80
Code        : 0
Description : Taking default for <Configuration> parameter service durability
Node        : blade40.isislab.vanderbilt.edu
Process     : 16262
Thread      : main thread b7d4d6c0
Timestamp   : 1160515385.230835000 (Tue Oct 10 16:23:05 200)
### Report Message ###
Type        : INFO
Context     : OpenSplice domain service
File        : ../../code/sr_serviceInfo.c
Line        : 139
Code        : 0
Description : Taking default for <Scheduling/Class> parameter service durability
Node        : blade40.isislab.vanderbilt.edu
Process     : 16262
Thread      : main thread b7d4d6c0
Timestamp   : 1160515385.230909000 (Tue Oct 10 16:23:05 200)
### Report Message ###
Type        : INFO
Context     : OpenSplice domain service
File        : ../../code/sr_serviceInfo.c
Line        : 189
Code        : 0
Description : Taking default for <MemoryLocking> parameter service durability
Node        : blade40.isislab.vanderbilt.edu
Process     : 16262
Thread      : main thread b7d4d6c0
Timestamp   : 1160515385.230946000 (Tue Oct 10 16:23:05 200)
### Report Message ###
Type        : INFO
Context     : OpenSplice domain service
File        : ../../code/sr_serviceInfo.c
Line        : 234
Code        : 0
Description : Taking default for <Scheduling/Priority> parameter service durability
Node        : blade40.isislab.vanderbilt.edu
Process     : 16262
Thread      : main thread b7d4d6c0
Timestamp   : 1160515385.230982000 (Tue Oct 10 16:23:05 200)
### Report Message ###
Type        : INFO
Context     : OpenSplice domain service
File        : ../../code/sr_serviceInfo.c
Line        : 289
Code        : 0
Description : Taking default for <Scheduling/Priority[@priority_kind]> parameter for  service durability
Node        : blade40.isislab.vanderbilt.edu
Process     : 16262
Thread      : main thread b7d4d6c0
Timestamp   : 1160515385.231030000 (Tue Oct 10 16:23:05 200)
### Report Message ###
Type        : INFO
Context     : OpenSplice domain service
File        : ../../code/sr_serviceInfo.c
Line        : 350
Code        : 0
Description : Taking default for <FailureAction> parameter service durability
Node        : blade40.isislab.vanderbilt.edu
Process     : 16262
Thread      : main thread b7d4d6c0
Timestamp   : 1160515385.231067000 (Tue Oct 10 16:23:05 200)
### Report Message ###
Type        : INFO
Context     : OpenSplice domain service
File        : ../../code/sr_serviceInfo.c
Line        : 80
Code        : 0
Description : Taking default for <Configuration> parameter service networking
Node        : blade40.isislab.vanderbilt.edu
Process     : 16262
Thread      : main thread b7d4d6c0
Timestamp   : 1160515385.231159000 (Tue Oct 10 16:23:05 200)
### Report Message ###
Type        : INFO
Context     : OpenSplice domain service
File        : ../../code/sr_serviceInfo.c
Line        : 139
Code        : 0
Description : Taking default for <Scheduling/Class> parameter service networking
Node        : blade40.isislab.vanderbilt.edu
Process     : 16262
Thread      : main thread b7d4d6c0
Timestamp   : 1160515385.231193000 (Tue Oct 10 16:23:05 200)
### Report Message ###
Type        : INFO
Context     : OpenSplice domain service
File        : ../../code/sr_serviceInfo.c
Line        : 189
Code        : 0
Description : Taking default for <MemoryLocking> parameter service networking
Node        : blade40.isislab.vanderbilt.edu
Process     : 16262
Thread      : main thread b7d4d6c0
Timestamp   : 1160515385.231227000 (Tue Oct 10 16:23:05 200)
### Report Message ###
Type        : INFO
Context     : OpenSplice domain service
File        : ../../code/sr_serviceInfo.c
Line        : 234
Code        : 0
Description : Taking default for <Scheduling/Priority> parameter service networking
Node        : blade40.isislab.vanderbilt.edu
Process     : 16262
Thread      : main thread b7d4d6c0
Timestamp   : 1160515385.231260000 (Tue Oct 10 16:23:05 200)
### Report Message ###
Type        : INFO
Context     : OpenSplice domain service
File        : ../../code/sr_serviceInfo.c
Line        : 289
Code        : 0
Description : Taking default for <Scheduling/Priority[@priority_kind]> parameter for  service networking
Node        : blade40.isislab.vanderbilt.edu
Process     : 16262
Thread      : main thread b7d4d6c0
Timestamp   : 1160515385.231293000 (Tue Oct 10 16:23:05 200)
### Report Message ###
Type        : INFO
Context     : OpenSplice domain service
File        : ../../code/sr_serviceInfo.c
Line        : 350
Code        : 0
Description : Taking default for <FailureAction> parameter service networking
Node        : blade40.isislab.vanderbilt.edu
Process     : 16262
Thread      : main thread b7d4d6c0
Timestamp   : 1160515385.231326000 (Tue Oct 10 16:23:05 200)
### Report Message ###
Type        : INFO
Context     : OpenSplice domain service
File        : ../../code/spliced.c
Line        : 347
Code        : 0
Description : Started service durability
Node        : blade40.isislab.vanderbilt.edu
Process     : 16262
Thread      : main thread b7d4d6c0
Timestamp   : 1160515385.233790000 (Tue Oct 10 16:23:05 200)
### Report Message ###
Type        : INFO
Context     : OpenSplice domain service
File        : ../../code/spliced.c
Line        : 347
Code        : 0
Description : Started service networking
Node        : blade40.isislab.vanderbilt.edu
Process     : 16262
Thread      : main thread b7d4d6c0
Timestamp   : 1160515385.235333000 (Tue Oct 10 16:23:05 200)
### Report Message ###
Type        : WARNING
Context     : DurabilityService
File        : ../../code/d_configuration.c
Line        : 240
Code        : 0
Description : No Domain configuration found. Applying default Lease...
Node        : blade40.isislab.vanderbilt.edu
Process     : durability (16269)
Thread      : main thread b7d636c0
Timestamp   : 1160515385.296297000 (Tue Oct 10 16:23:05 200)
### Report Message ###
Type        : WARNING
Context     : DurabilityService
File        : ../../code/d_groupLocalListener.c
Line        : 727
Code        : 0
Description : Persistency not enabled!
Node        : blade40.isislab.vanderbilt.edu
Process     : durability (16269)
Thread      : main thread b7d636c0
Timestamp   : 1160515391.357820000 (Tue Oct 10 16:23:11 200)
### Report Message ###
Type        : API_INFO
Context     : DCPS API
File        : ../../code/gapi_error.c
Line        : 329
Code        : 20
Description : Subscriber::delete_datareader contains_loans
Node        : blade40.isislab.vanderbilt.edu
Process     : 16298
Thread      : main thread 4dabc0
Timestamp   : 1160515414.648314000 (Tue Oct 10 16:23:34 200)
### Report Message ###
Type        : API_INFO
Context     : DCPS API
File        : ../../code/gapi_error.c
Line        : 329
Code        : 8
Description : DomainParticipantFactory::delete_participant entities contained
Node        : blade40.isislab.vanderbilt.edu
Process     : 16298
Thread      : main thread 4dabc0
Timestamp   : 1160515414.648714000 (Tue Oct 10 16:23:34 200)
### Report Message ###
Type        : API_INFO
Context     : DCPS API
File        : ../../code/gapi_error.c
Line        : 329
Code        : 20
Description : Subscriber::delete_contained_entities contains_loans
Node        : blade40.isislab.vanderbilt.edu
Process     : 16298
Thread      : main thread 4dabc0
Timestamp   : 1160515414.649136000 (Tue Oct 10 16:23:34 200)
### Report Message ###
Type        : INFO
Context     : OpenSplice domain service
File        : ../../code/spliced.c
Line        : 834
Code        : 0
Description : The service has successfully terminated.
Node        : blade40.isislab.vanderbilt.edu
Process     : 16262
Thread      : main thread b7d4d6c0
Timestamp   : 1160515441.847549000 (Tue Oct 10 16:24:01 200)
### Report Message ###
Type        : INFO
Context     : The OpenSplice domain service
File        : ../../code/u_kernel.c
Line        : 266
Code        : 0
Description : The service has successfully started.
Domain      : "OpenSpliceV2.1" with 10239 Kbytes storage space.
Node        : blade40.isislab.vanderbilt.edu
Process     : 17421
Thread      : main thread b7d566c0
Timestamp   : 1160517897.027718000 (Tue Oct 10 17:04:57 200)
### Report Message ###
Type        : WARNING
Context     : os_svr4_get_kfmumask
File        : ../../svr4/code/os_sharedmem_seg.c
Line        : 88
Code        : 1
Description : Read and Write access for other must be paired, ignoring other access
Node        : blade40.isislab.vanderbilt.edu
Process     : 17421
Thread      : main thread b7d566c0
Timestamp   : 1160517897.027910000 (Tue Oct 10 17:04:57 200)
### Report Message ###
Type        : WARNING
Context     : os_svr4_get_shmumask
File        : ../../svr4/code/os_sharedmem_seg.c
Line        : 59
Code        : 1
Description : Read and Write access for other must be paired, ignoring other access
Node        : blade40.isislab.vanderbilt.edu
Process     : 17421
Thread      : main thread b7d566c0
Timestamp   : 1160517897.028031000 (Tue Oct 10 17:04:57 200)
### Report Message ###
Type        : INFO
Context     : OpenSplice domain service
File        : ../../code/sr_serviceInfo.c
Line        : 80
Code        : 0
Description : Taking default for <Configuration> parameter service durability
Node        : blade40.isislab.vanderbilt.edu
Process     : 17421
Thread      : main thread b7d566c0
Timestamp   : 1160517897.071020000 (Tue Oct 10 17:04:57 200)
### Report Message ###
Type        : INFO
Context     : OpenSplice domain service
File        : ../../code/sr_serviceInfo.c
Line        : 139
Code        : 0
Description : Taking default for <Scheduling/Class> parameter service durability
Node        : blade40.isislab.vanderbilt.edu
Process     : 17421
Thread      : main thread b7d566c0
Timestamp   : 1160517897.071093000 (Tue Oct 10 17:04:57 200)
### Report Message ###
Type        : INFO
Context     : OpenSplice domain service
File        : ../../code/sr_serviceInfo.c
Line        : 189
Code        : 0
Description : Taking default for <MemoryLocking> parameter service durability
Node        : blade40.isislab.vanderbilt.edu
Process     : 17421
Thread      : main thread b7d566c0
Timestamp   : 1160517897.071139000 (Tue Oct 10 17:04:57 200)
### Report Message ###
Type        : INFO
Context     : OpenSplice domain service
File        : ../../code/sr_serviceInfo.c
Line        : 234
Code        : 0
Description : Taking default for <Scheduling/Priority> parameter service durability
Node        : blade40.isislab.vanderbilt.edu
Process     : 17421
Thread      : main thread b7d566c0
Timestamp   : 1160517897.071176000 (Tue Oct 10 17:04:57 200)
### Report Message ###
Type        : INFO
Context     : OpenSplice domain service
File        : ../../code/sr_serviceInfo.c
Line        : 289
Code        : 0
Description : Taking default for <Scheduling/Priority[@priority_kind]> parameter for  service durability
Node        : blade40.isislab.vanderbilt.edu
Process     : 17421
Thread      : main thread b7d566c0
Timestamp   : 1160517897.071211000 (Tue Oct 10 17:04:57 200)
### Report Message ###
Type        : INFO
Context     : OpenSplice domain service
File        : ../../code/sr_serviceInfo.c
Line        : 350
Code        : 0
Description : Taking default for <FailureAction> parameter service durability
Node        : blade40.isislab.vanderbilt.edu
Process     : 17421
Thread      : main thread b7d566c0
Timestamp   : 1160517897.071247000 (Tue Oct 10 17:04:57 200)
### Report Message ###
Type        : INFO
Context     : OpenSplice domain service
File        : ../../code/sr_serviceInfo.c
Line        : 80
Code        : 0
Description : Taking default for <Configuration> parameter service networking
Node        : blade40.isislab.vanderbilt.edu
Process     : 17421
Thread      : main thread b7d566c0
Timestamp   : 1160517897.071338000 (Tue Oct 10 17:04:57 200)
### Report Message ###
Type        : INFO
Context     : OpenSplice domain service
File        : ../../code/sr_serviceInfo.c
Line        : 139
Code        : 0
Description : Taking default for <Scheduling/Class> parameter service networking
Node        : blade40.isislab.vanderbilt.edu
Process     : 17421
Thread      : main thread b7d566c0
Timestamp   : 1160517897.071372000 (Tue Oct 10 17:04:57 200)
### Report Message ###
Type        : INFO
Context     : OpenSplice domain service
File        : ../../code/sr_serviceInfo.c
Line        : 189
Code        : 0
Description : Taking default for <MemoryLocking> parameter service networking
Node        : blade40.isislab.vanderbilt.edu
Process     : 17421
Thread      : main thread b7d566c0
Timestamp   : 1160517897.071405000 (Tue Oct 10 17:04:57 200)
### Report Message ###
Type        : INFO
Context     : OpenSplice domain service
File        : ../../code/sr_serviceInfo.c
Line        : 234
Code        : 0
Description : Taking default for <Scheduling/Priority> parameter service networking
Node        : blade40.isislab.vanderbilt.edu
Process     : 17421
Thread      : main thread b7d566c0
Timestamp   : 1160517897.071438000 (Tue Oct 10 17:04:57 200)
### Report Message ###
Type        : INFO
Context     : OpenSplice domain service
File        : ../../code/sr_serviceInfo.c
Line        : 289
Code        : 0
Description : Taking default for <Scheduling/Priority[@priority_kind]> parameter for  service networking
Node        : blade40.isislab.vanderbilt.edu
Process     : 17421
Thread      : main thread b7d566c0
Timestamp   : 1160517897.071471000 (Tue Oct 10 17:04:57 200)
### Report Message ###
Type        : INFO
Context     : OpenSplice domain service
File        : ../../code/sr_serviceInfo.c
Line        : 350
Code        : 0
Description : Taking default for <FailureAction> parameter service networking
Node        : blade40.isislab.vanderbilt.edu
Process     : 17421
Thread      : main thread b7d566c0
Timestamp   : 1160517897.071516000 (Tue Oct 10 17:04:57 200)
### Report Message ###
Type        : INFO
Context     : OpenSplice domain service
File        : ../../code/spliced.c
Line        : 347
Code        : 0
Description : Started service durability
Node        : blade40.isislab.vanderbilt.edu
Process     : 17421
Thread      : main thread b7d566c0
Timestamp   : 1160517897.075461000 (Tue Oct 10 17:04:57 200)
### Report Message ###
Type        : INFO
Context     : OpenSplice domain service
File        : ../../code/spliced.c
Line        : 347
Code        : 0
Description : Started service networking
Node        : blade40.isislab.vanderbilt.edu
Process     : 17421
Thread      : main thread b7d566c0
Timestamp   : 1160517897.076686000 (Tue Oct 10 17:04:57 200)
### Report Message ###
Type        : WARNING
Context     : DurabilityService
File        : ../../code/d_configuration.c
Line        : 240
Code        : 0
Description : No Domain configuration found. Applying default Lease...
Node        : blade40.isislab.vanderbilt.edu
Process     : durability (17428)
Thread      : main thread b7d1a6c0
Timestamp   : 1160517897.137649000 (Tue Oct 10 17:04:57 200)
### Report Message ###
Type        : WARNING
Context     : DurabilityService
File        : ../../code/d_groupLocalListener.c
Line        : 727
Code        : 0
Description : Persistency not enabled!
Node        : blade40.isislab.vanderbilt.edu
Process     : durability (17428)
Thread      : main thread b7d1a6c0
Timestamp   : 1160517902.367744000 (Tue Oct 10 17:05:02 200)
### Report Message ###
Type        : API_INFO
Context     : DCPS API
File        : ../../code/gapi_error.c
Line        : 329
Code        : 20
Description : Subscriber::delete_datareader contains_loans
Node        : blade40.isislab.vanderbilt.edu
Process     : 17456
Thread      : main thread 4c4c20
Timestamp   : 1160517917.677821000 (Tue Oct 10 17:05:17 200)
### Report Message ###
Type        : API_INFO
Context     : DCPS API
File        : ../../code/gapi_error.c
Line        : 329
Code        : 8
Description : DomainParticipantFactory::delete_participant entities contained
Node        : blade40.isislab.vanderbilt.edu
Process     : 17456
Thread      : main thread 4c4c20
Timestamp   : 1160517917.678217000 (Tue Oct 10 17:05:17 200)
### Report Message ###
Type        : API_INFO
Context     : DCPS API
File        : ../../code/gapi_error.c
Line        : 329
Code        : 20
Description : Subscriber::delete_contained_entities contains_loans
Node        : blade40.isislab.vanderbilt.edu
Process     : 17456
Thread      : main thread 4c4c20
Timestamp   : 1160517917.678606000 (Tue Oct 10 17:05:17 200)
### Report Message ###
Type        : INFO
Context     : OpenSplice domain service
File        : ../../code/spliced.c
Line        : 834
Code        : 0
Description : The service has successfully terminated.
Node        : blade40.isislab.vanderbilt.edu
Process     : 17421
Thread      : main thread b7d566c0
Timestamp   : 1160517926.141099000 (Tue Oct 10 17:05:26 200)
