### Report Message ###
Type        : ERROR
Context     : CCPP
File        : ../../code/ccpp_Subscriber_impl.cpp
Line        : 49
Code        : 0
Description : Invalid TopicDescription
Node        : blade40.isislab.vanderbilt.edu
Process     : 14306
Thread      : main thread 50cc20
Timestamp   : 1160507939.004608000 (Tue Oct 10 14:18:59 200)
### Report Message ###
Type        : ERROR
Context     : CCPP
File        : ../../code/ccpp_Subscriber_impl.cpp
Line        : 49
Code        : 0
Description : Invalid TopicDescription
Node        : blade40.isislab.vanderbilt.edu
Process     : 14309
Thread      : main thread 73d8e0
Timestamp   : 1160507942.997447000 (Tue Oct 10 14:19:02 200)
### Report Message ###
Type        : ERROR
Context     : CCPP
File        : ../../code/ccpp_Publisher_impl.cpp
Line        : 49
Code        : 0
Description : Invalid Topic
Node        : blade40.isislab.vanderbilt.edu
Process     : 14313
Thread      : main thread 4fdc20
Timestamp   : 1160507954.960235000 (Tue Oct 10 14:19:14 200)
